./.eslintcache
./.gitignore
./.husky/.gitignore
./.husky/_/.gitignore
./.husky/_/applypatch-msg
./.husky/_/commit-msg
./.husky/_/h
./.husky/_/husky.sh
./.husky/_/post-applypatch
./.husky/_/post-checkout
./.husky/_/post-commit
./.husky/_/post-merge
./.husky/_/post-rewrite
./.husky/_/pre-applypatch
./.husky/_/pre-auto-gc
./.husky/_/pre-commit
./.husky/_/pre-push
./.husky/_/pre-rebase
./.husky/_/prepare-commit-msg
./.husky/pre-commit
./.npmrc
./.nvmrc
./.prettierignore
./.tool-versions
./.vscode/settings.json
./LICENSE.txt
./Readme.md
./Todo.md
./apps/acnw/.env
./apps/acnw/.env.aws-dev
./apps/acnw/.env.aws-prod
./apps/acnw/.env.local.bak
./apps/acnw/.env.production
./apps/acnw/.eslintcache
./apps/acnw/components/Banner.tsx
./apps/acnw/components/index.tsx
./apps/acnw/content/AboutAmberContent.mdx
./apps/acnw/content/AboutAmberconNwContent.mdx
./apps/acnw/content/AboutAmberconNwContentVirtual.mdx
./apps/acnw/content/AccommodationsContent.mdx
./apps/acnw/content/AntiHarassmentPolicyContent.mdx
./apps/acnw/content/CovidPolicyContent.mdx
./apps/acnw/content/FaqContent.mdx
./apps/acnw/content/WelcomeContent.mdx
./apps/acnw/content/WelcomeContentVirtual.mdx
./apps/acnw/next-env.d.ts
./apps/acnw/next.config.js
./apps/acnw/package.json
./apps/acnw/pages/_app.tsx
./apps/acnw/pages/_document.tsx
./apps/acnw/pages/about-amber.tsx
./apps/acnw/pages/about-edgefield.tsx
./apps/acnw/pages/about.tsx
./apps/acnw/pages/anti-harassment-policy.tsx
./apps/acnw/pages/api/auth/[...auth0].ts
./apps/acnw/pages/api/graphql/[operation].ts
./apps/acnw/pages/api/graphql/index.ts
./apps/acnw/pages/api/reports/discordGameReport.ts
./apps/acnw/pages/api/reports/gameAndPlayersReport.ts
./apps/acnw/pages/api/reports/gameReport.ts
./apps/acnw/pages/api/reports/gmReport.ts
./apps/acnw/pages/api/reports/membershipReport.ts
./apps/acnw/pages/api/reports/roomReport.ts
./apps/acnw/pages/api/resetPassword.ts
./apps/acnw/pages/api/send/gameChoiceConfirmation.ts
./apps/acnw/pages/api/send/gameConfirmation.ts
./apps/acnw/pages/api/send/membershipConfirmation.ts
./apps/acnw/pages/api/send/templates/gameChoiceConfirmation/html.pug
./apps/acnw/pages/api/send/templates/gameChoiceConfirmation/subject.pug
./apps/acnw/pages/api/send/templates/gameConfirmation/html.pug
./apps/acnw/pages/api/send/templates/gameConfirmation/subject.pug
./apps/acnw/pages/api/send/templates/membershipConfirmation/html.pug
./apps/acnw/pages/api/send/templates/membershipConfirmation/subject.pug
./apps/acnw/pages/api/send/templates/paymentConfirmation/html.pug
./apps/acnw/pages/api/send/templates/paymentConfirmation/subject.pug
./apps/acnw/pages/api/stripe/getConfig.ts
./apps/acnw/pages/api/stripe/paymentIntents.ts
./apps/acnw/pages/api/stripe/webhooks.ts
./apps/acnw/pages/api/trpc/[trpc].ts
./apps/acnw/pages/api/validatePassword.ts
./apps/acnw/pages/contact.tsx
./apps/acnw/pages/covid-policy.tsx
./apps/acnw/pages/credits.tsx
./apps/acnw/pages/faq.tsx
./apps/acnw/pages/game-admin.tsx
./apps/acnw/pages/game-book/[[...all]].tsx
./apps/acnw/pages/game-choices/[[...all]].tsx
./apps/acnw/pages/game-history.tsx
./apps/acnw/pages/game-rooms.tsx
./apps/acnw/pages/game-signup/[[...all]].tsx
./apps/acnw/pages/gm/[[...all]].tsx
./apps/acnw/pages/hotel-room-types.tsx
./apps/acnw/pages/hotel-rooms.tsx
./apps/acnw/pages/index.tsx
./apps/acnw/pages/lookup-admin.tsx
./apps/acnw/pages/member-admin.tsx
./apps/acnw/pages/membership/[[...all]].tsx
./apps/acnw/pages/payment-success.tsx
./apps/acnw/pages/payment.tsx
./apps/acnw/pages/report-admin.tsx
./apps/acnw/pages/schedule.tsx
./apps/acnw/pages/settings-admin.tsx
./apps/acnw/pages/stripe.tsx
./apps/acnw/pages/transactions.tsx
./apps/acnw/pages/user-admin.tsx
./apps/acnw/pages/virtual-details.tsx
./apps/acnw/public/Logo.svg
./apps/acnw/public/account-outline.svg
./apps/acnw/public/assets/images/Banner.svg
./apps/acnw/public/assets/images/Logo.svg
./apps/acnw/public/index.html
./apps/acnw/public/logo2.svg
./apps/acnw/public/manifest.json
./apps/acnw/public/privacy.html
./apps/acnw/public/stylesheet.css
./apps/acnw/tsconfig.json
./apps/acnw/tsconfig.tsbuildinfo
./apps/acnw/types/json2xls.d.ts
./apps/acnw/types/material-ui.d.ts
./apps/acnw/types/react-app-env.d.ts
./apps/acnw/types/react-table-config.d.ts
./apps/acnw/views/AboutAmber.tsx
./apps/acnw/views/AboutAmberconNw.tsx
./apps/acnw/views/Accommodations.tsx
./apps/acnw/views/AntiHarassmentPolicy.tsx
./apps/acnw/views/Contact.tsx
./apps/acnw/views/CovidPolicy.tsx
./apps/acnw/views/Faq.tsx
./apps/acnw/views/Memberships/BecomeAMember.tsx
./apps/acnw/views/Memberships/IntroStep.tsx
./apps/acnw/views/Memberships/MembershipStepConvention.tsx
./apps/acnw/views/Memberships/MembershipStepPayment.tsx
./apps/acnw/views/Memberships/MembershipStepRooms.tsx
./apps/acnw/views/Memberships/MembershipStepVirtual.tsx
./apps/acnw/views/Memberships/MembershipSummary.tsx
./apps/acnw/views/Memberships/MembershipWizard.tsx
./apps/acnw/views/Memberships/Memberships.tsx
./apps/acnw/views/Memberships/index.tsx
./apps/acnw/views/Routes.tsx
./apps/acnw/views/VirtualDetails.tsx
./apps/acnw/views/Welcome.tsx
./apps/acnw/views/WelcomeVirtual.tsx
./apps/acnw/views/index.ts
./apps/acus/.env
./apps/acus/.env.aws-dev
./apps/acus/.env.aws-prod
./apps/acus/.env.local.bak
./apps/acus/.env.production
./apps/acus/.eslintcache
./apps/acus/Readme.md
./apps/acus/components/Banner.tsx
./apps/acus/components/index.tsx
./apps/acus/content/AboutAmberContent.mdx
./apps/acus/content/AboutAmberconUsContent.mdx
./apps/acus/content/AboutAmberconUsContentVirtual.mdx
./apps/acus/content/AntiHarassmentPolicyContent.mdx
./apps/acus/content/CovidPolicyContent.mdx
./apps/acus/content/FaqContent.mdx
./apps/acus/content/WelcomeContent.mdx
./apps/acus/content/WelcomeContentVirtual.mdx
./apps/acus/next-env.d.ts
./apps/acus/next.config.js
./apps/acus/package.json
./apps/acus/pages/_app.tsx
./apps/acus/pages/_document.tsx
./apps/acus/pages/about-amber.tsx
./apps/acus/pages/about.tsx
./apps/acus/pages/anti-harassment-policy.tsx
./apps/acus/pages/api/auth/[...auth0].ts
./apps/acus/pages/api/graphql/[operation].ts
./apps/acus/pages/api/graphql/index.ts
./apps/acus/pages/api/reports/gameAndPlayersReport.ts
./apps/acus/pages/api/reports/gameAndPlayersWithNoGameReport.ts
./apps/acus/pages/api/reports/gameChoicesForPlayerSchedulerReport.ts
./apps/acus/pages/api/reports/gameReport.ts
./apps/acus/pages/api/reports/gamesForPlayerSchedulerReport.ts
./apps/acus/pages/api/reports/gamesSchedulerReport.ts
./apps/acus/pages/api/reports/gmReport.ts
./apps/acus/pages/api/reports/membersForPlayerSchedulerReport.ts
./apps/acus/pages/api/reports/membersWithoutGameChoicesReport.ts
./apps/acus/pages/api/reports/membershipReport.ts
./apps/acus/pages/api/resetPassword.ts
./apps/acus/pages/api/send/gameChoiceConfirmation.ts
./apps/acus/pages/api/send/gameConfirmation.ts
./apps/acus/pages/api/send/membershipConfirmation.ts
./apps/acus/pages/api/send/templates/gameChoiceConfirmation/html.pug
./apps/acus/pages/api/send/templates/gameChoiceConfirmation/subject.pug
./apps/acus/pages/api/send/templates/gameConfirmation/html.pug
./apps/acus/pages/api/send/templates/gameConfirmation/subject.pug
./apps/acus/pages/api/send/templates/membershipConfirmation/html.pug
./apps/acus/pages/api/send/templates/membershipConfirmation/subject.pug
./apps/acus/pages/api/send/templates/paymentConfirmation/html.pug
./apps/acus/pages/api/send/templates/paymentConfirmation/subject.pug
./apps/acus/pages/api/stripe/getConfig.ts
./apps/acus/pages/api/stripe/paymentIntents.ts
./apps/acus/pages/api/stripe/webhooks.ts
./apps/acus/pages/api/trpc/[trpc].ts
./apps/acus/pages/api/validatePassword.ts
./apps/acus/pages/contact.tsx
./apps/acus/pages/covid-policy.tsx
./apps/acus/pages/credits.tsx
./apps/acus/pages/faq.tsx
./apps/acus/pages/game-admin.tsx
./apps/acus/pages/game-book/[[...all]].tsx
./apps/acus/pages/game-choices/[[...all]].tsx
./apps/acus/pages/game-history.tsx
./apps/acus/pages/game-signup/[[...all]].tsx
./apps/acus/pages/gm/[[...all]].tsx
./apps/acus/pages/hotel.tsx
./apps/acus/pages/index.tsx
./apps/acus/pages/lookup-admin.tsx
./apps/acus/pages/member-admin.tsx
./apps/acus/pages/membership/[[...all]].tsx
./apps/acus/pages/payment-success.tsx
./apps/acus/pages/payment.tsx
./apps/acus/pages/report-admin.tsx
./apps/acus/pages/schedule.tsx
./apps/acus/pages/settings-admin.tsx
./apps/acus/pages/stripe.tsx
./apps/acus/pages/transactions.tsx
./apps/acus/pages/user-admin.tsx
./apps/acus/public/manifest.json
./apps/acus/public/privacy.html
./apps/acus/tsconfig.json
./apps/acus/tsconfig.tsbuildinfo
./apps/acus/types/json2xls.d.ts
./apps/acus/types/material-ui.d.ts
./apps/acus/types/react-app-env.d.ts
./apps/acus/types/react-table-config.d.ts
./apps/acus/views/AboutAmber.tsx
./apps/acus/views/AboutAmberconUs.tsx
./apps/acus/views/AntiHarassmentPolicy.tsx
./apps/acus/views/Contact.tsx
./apps/acus/views/CovidPolicy.tsx
./apps/acus/views/Faq.tsx
./apps/acus/views/Hotel.tsx
./apps/acus/views/Memberships/BecomeAMember.tsx
./apps/acus/views/Memberships/IntroStep.tsx
./apps/acus/views/Memberships/MembershipStepConvention.tsx
./apps/acus/views/Memberships/MembershipStepPayment.tsx
./apps/acus/views/Memberships/MembershipStepVirtual.tsx
./apps/acus/views/Memberships/MembershipSummary.tsx
./apps/acus/views/Memberships/MembershipWizard.tsx
./apps/acus/views/Memberships/Memberships.tsx
./apps/acus/views/Memberships/index.tsx
./apps/acus/views/Routes.tsx
./apps/acus/views/VirtualDetails.tsx
./apps/acus/views/Welcome.tsx
./apps/acus/views/WelcomeVirtual.tsx
./apps/acus/views/index.ts
./changelog.md
./dev-notes.md
./dev.sh
./eslint.config.mjs
./name_cleanup.js
./old-env-files/.env
./old-env-files/.env.aws-dev
./old-env-files/.env.aws-prod
./old-env-files/.env.build
./old-env-files/.env.local
./package.json
./packages/amber/.eslintcache
./packages/amber/Readme.md
./packages/amber/client-graphql/error.ts
./packages/amber/client-graphql/index.ts
./packages/amber/client-graphql/querySets.ts
./packages/amber/client-graphql/useGraphQL.ts
./packages/amber/codegen.ts
./packages/amber/components/AdminCard.tsx
./packages/amber/components/Auth/HasPermission.tsx
./packages/amber/components/Auth/PermissionRules.ts
./packages/amber/components/Auth/RouteGuard.tsx
./packages/amber/components/Auth/authUtils.ts
./packages/amber/components/Auth/index.tsx
./packages/amber/components/Auth/useAuth.tsx
./packages/amber/components/Auth/useRoleOverride.tsx
./packages/amber/components/AuthenticatedDownloadButton.tsx
./packages/amber/components/Balance.tsx
./packages/amber/components/BetaWarning.tsx
./packages/amber/components/ConfigurationValues.tsx
./packages/amber/components/Footer.tsx
./packages/amber/components/Form/LookupField.tsx
./packages/amber/components/Form/LookupRadioField.tsx
./packages/amber/components/Form/index.tsx
./packages/amber/components/GameCard/index.tsx
./packages/amber/components/GameList/GameListFull.tsx
./packages/amber/components/GameList/GameListIndex.tsx
./packages/amber/components/GameList/GameListNavigator.tsx
./packages/amber/components/GameList/GameMenu.tsx
./packages/amber/components/GameList/index.tsx
./packages/amber/components/GameQuery/index.tsx
./packages/amber/components/GameSelectionQuery/index.tsx
./packages/amber/components/Header.tsx
./packages/amber/components/Layout.tsx
./packages/amber/components/LoginButton.tsx
./packages/amber/components/LoginMenu.tsx
./packages/amber/components/Lookup/LookupValue.tsx
./packages/amber/components/Lookup/index.tsx
./packages/amber/components/MemberSelector.tsx
./packages/amber/components/Navigation/ContextRoutes.tsx
./packages/amber/components/Navigation/Link.tsx
./packages/amber/components/Navigation/ListItemLink.tsx
./packages/amber/components/Navigation/MenuItems.tsx
./packages/amber/components/Navigation/Redirect.tsx
./packages/amber/components/Navigation/index.tsx
./packages/amber/components/Navigation/types.ts
./packages/amber/components/OutlinedBox.tsx
./packages/amber/components/Profile/ProfileDialog.tsx
./packages/amber/components/Profile/ProfileFormContent.tsx
./packages/amber/components/Profile/index.tsx
./packages/amber/components/Profile/profileUtils.ts
./packages/amber/components/Profile/profileValidationSchema.ts
./packages/amber/components/Profile/useProfile.tsx
./packages/amber/components/Rooms.tsx
./packages/amber/components/RootComponent.tsx
./packages/amber/components/SlotDescriptionList.tsx
./packages/amber/components/SlotSelector/index.tsx
./packages/amber/components/TRPCReactProvider.tsx
./packages/amber/components/TransportError/index.tsx
./packages/amber/components/UserSelector.tsx
./packages/amber/components/YearSelector.tsx
./packages/amber/components/YearTile/index.tsx
./packages/amber/components/icons/CrownIcon.tsx
./packages/amber/components/icons/DebugIcon.tsx
./packages/amber/components/icons/index.tsx
./packages/amber/components/index.tsx
./packages/amber/components/types.tsx
./packages/amber/content/CreditsContent.mdx
./packages/amber/index.tsx
./packages/amber/package.json
./packages/amber/react-app-env.d.ts
./packages/amber/tsconfig.json
./packages/amber/types/json2xls.d.ts
./packages/amber/types/material-ui.d.ts
./packages/amber/types/mdx.d.ts
./packages/amber/types/react-app-env.d.ts
./packages/amber/types/react-table-config.d.ts
./packages/amber/utils/addPromiseContext.ts
./packages/amber/utils/apiTypes.ts
./packages/amber/utils/array.ts
./packages/amber/utils/configContext.tsx
./packages/amber/utils/extractErrors.ts
./packages/amber/utils/gameAssignment.tsx
./packages/amber/utils/getServerSideProps.ts
./packages/amber/utils/ical.ts
./packages/amber/utils/index.ts
./packages/amber/utils/luxonUtils.ts
./packages/amber/utils/maskEmail.ts
./packages/amber/utils/membership.tsx
./packages/amber/utils/membershipUtils.ts
./packages/amber/utils/next-headers.js
./packages/amber/utils/ordinal.test.ts
./packages/amber/utils/ordinal.ts
./packages/amber/utils/refs.ts
./packages/amber/utils/selectValues.ts
./packages/amber/utils/settings.tsx
./packages/amber/utils/slotTimes.test.ts
./packages/amber/utils/slotTimes.tsx
./packages/amber/utils/transactionUtils.ts
./packages/amber/utils/useAxe.tsx
./packages/amber/utils/useConfirmDialogOpenState.tsx
./packages/amber/utils/useGameScroll.tsx
./packages/amber/utils/useGameUrl.tsx
./packages/amber/utils/useSendEmail.tsx
./packages/amber/utils/useStripe.tsx
./packages/amber/utils/useUrlSourceState.tsx
./packages/amber/utils/useUserFilterState.tsx
./packages/amber/utils/useYearFilterState.tsx
./packages/amber/version.ts
./packages/amber/views/Credits.tsx
./packages/amber/views/GameBook/GameBookGamesPage.tsx
./packages/amber/views/GameBook/GameBookMenu.tsx
./packages/amber/views/GameBook/GameBookPage.tsx
./packages/amber/views/GameBook/index.tsx
./packages/amber/views/GameRooms/GameRooms.tsx
./packages/amber/views/GameRooms/GameRoomsDialog.tsx
./packages/amber/views/GameSignup/ChoiceConfirmDialog.tsx
./packages/amber/views/GameSignup/GameChoiceSelector.tsx
./packages/amber/views/GameSignup/GameChoiceSummary.tsx
./packages/amber/views/GameSignup/GameSignupMenu.tsx
./packages/amber/views/GameSignup/GameSignupPage.tsx
./packages/amber/views/GameSignup/SignupInstructions.tsx
./packages/amber/views/GameSignup/SlotDetails.tsx
./packages/amber/views/GameSignup/index.tsx
./packages/amber/views/Games/Games.tsx
./packages/amber/views/Games/GamesDialog.tsx
./packages/amber/views/Games/gameHooks.tsx
./packages/amber/views/Games/index.tsx
./packages/amber/views/GmPage/GmPage.tsx
./packages/amber/views/HotelRoomDetails/HotelRoomDetailDialog.tsx
./packages/amber/views/HotelRoomDetails/HotelRoomDetails.tsx
./packages/amber/views/HotelRoomTypes/HotelRoomTypeDialog.tsx
./packages/amber/views/HotelRoomTypes/HotelRoomTypes.tsx
./packages/amber/views/Lookups/Lookups.tsx
./packages/amber/views/Lookups/LookupsDialog.tsx
./packages/amber/views/Memberships/GameAssignmentDialog.tsx
./packages/amber/views/Memberships/MembershipAdmin.tsx
./packages/amber/views/Memberships/Memberships.tsx
./packages/amber/views/Memberships/index.tsx
./packages/amber/views/Memberships/membershipUtils.tsx
./packages/amber/views/NotFound.tsx
./packages/amber/views/Payment/ElementsForm.tsx
./packages/amber/views/Payment/Payment.tsx
./packages/amber/views/Payment/PaymentInput.tsx
./packages/amber/views/Payment/fetchUtils.ts
./packages/amber/views/Payment/index.tsx
./packages/amber/views/PaymentSuccess/PaymentSuccess.tsx
./packages/amber/views/PaymentSuccess/index.tsx
./packages/amber/views/Reports.tsx
./packages/amber/views/Schedule/SchedulePage.tsx
./packages/amber/views/Settings/AddNewYearDialog.tsx
./packages/amber/views/Settings/SettingDialog.tsx
./packages/amber/views/Settings/Settings.tsx
./packages/amber/views/Settings/shared.tsx
./packages/amber/views/Stripe/Stripe.tsx
./packages/amber/views/Stripe/StripeDialog.tsx
./packages/amber/views/Stripe/StripeFormContent.tsx
./packages/amber/views/Transactions/TransactionDialog.tsx
./packages/amber/views/Transactions/TransactionFormContent.tsx
./packages/amber/views/Transactions/Transactions.tsx
./packages/amber/views/Transactions/transactionValidationSchema.ts
./packages/amber/views/Users/Users.tsx
./packages/amber/views/index.tsx
./packages/api/.eslintcache
./packages/api/Readme.md
./packages/api/package.json
./packages/api/src/JsonError.ts
./packages/api/src/auth/apiAuthUtils.ts
./packages/api/src/auth/authHandler.ts
./packages/api/src/auth/index.ts
./packages/api/src/constants.ts
./packages/api/src/email/email.ts
./packages/api/src/email/index.ts
./packages/api/src/email/transport.ts
./packages/api/src/getConfig.ts
./packages/api/src/getManagementApiAccessToken.ts
./packages/api/src/getProfileHandler.ts
./packages/api/src/graphqlHandler.ts
./packages/api/src/handleError.ts
./packages/api/src/index.ts
./packages/api/src/query/index.ts
./packages/api/src/query/queryToExcelDownload.ts
./packages/api/src/query/runAdminQuery.ts
./packages/api/src/resetPasswordHandler.ts
./packages/api/src/stripe/constants.ts
./packages/api/src/stripe/getStripeConfig.ts
./packages/api/src/stripe/index.ts
./packages/api/src/stripe/paymentIntent.ts
./packages/api/src/stripe/sendEmailConfirmation.ts
./packages/api/src/stripe/types.ts
./packages/api/src/stripe/webhooks.ts
./packages/api/src/utils/configuration.ts
./packages/api/src/utils/dot2val.ts
./packages/api/src/utils/index.ts
./packages/api/src/utils/stripeHelpers.ts
./packages/api/src/utils/user.ts
./packages/api/src/validatePasswordHandler.ts
./packages/api/tsconfig.json
./packages/api/types/json2xls.d.ts
./packages/client-graphql/.eslintcache
./packages/client-graphql/codegen.ts
./packages/client-graphql/package.json
./packages/client-graphql/src/graphql/gql.ts
./packages/client-graphql/src/graphql/graphql.ts
./packages/client-graphql/src/graphql/index.ts
./packages/client-graphql/src/index.ts
./packages/client-graphql/tsconfig.json
./packages/client/.eslintcache
./packages/client/package.json
./packages/client/src/config.ts
./packages/client/src/index.ts
./packages/client/src/invalidate.ts
./packages/client/src/trpc.ts
./packages/client/src/types.ts
./packages/client/tsconfig.json
./packages/database/.eslintcache
./packages/database/Readme.md
./packages/database/docker-compose.yaml
./packages/database/package.json
./packages/database/scripts/createCleanDb.ts
./packages/database/scripts/lib/importUtils.ts
./packages/database/scripts/lib/index.ts
./packages/database/scripts/lib/scriptUtils.ts
./packages/database/scripts/lib/taskContext.ts
./packages/database/scripts/lib/tasks.ts
./packages/database/scripts/prepareGraphql.ts
./packages/database/scripts/resetDatabaseOwner.ts
./packages/database/scripts/toAws.ts
./packages/database/scripts/toAwsDev.ts
./packages/database/scripts/toLocal.ts
./packages/database/scripts/wait-for-postgres.sh
./packages/database/scripts/writeDbCert.ts
./packages/database/shared/acnw/postgraphileCache.json
./packages/database/shared/acus/postgraphileCache.json
./packages/database/shared/certs/Readme.md
./packages/database/shared/certs/amberconnw.us.auth0.com.pem
./packages/database/shared/config.ts
./packages/database/shared/dbCerts.ts
./packages/database/shared/filePaths.d.ts
./packages/database/shared/filePaths.js
./packages/database/shared/graphql-schema-old.graphql
./packages/database/shared/graphql-schema.graphql
./packages/database/shared/graphql/gameAssignmentFragment.graphql
./packages/database/shared/graphql/gameFragment.graphql
./packages/database/shared/graphql/stripe.graphql
./packages/database/shared/graphql/transaction.graphql
./packages/database/shared/graphql/transactionFragment.graphql
./packages/database/shared/postgraphileHandler.ts
./packages/database/shared/postgraphileOptions.ts
./packages/database/shared/postgraphilePlugins/PgSmallNumericToFloatPlugin.ts
./packages/database/shared/postgraphileQueryRunner.ts
./packages/database/support/db/Readme.md
./packages/database/support/db/migrations/20171015105936_v1_schema.js
./packages/database/support/db/migrations/20171015154605_drop_junk.js
./packages/database/support/db/migrations/20171015154606_add_truncate_function.js
./packages/database/support/db/migrations/20171015154607_create_token_table.js
./packages/database/support/db/migrations/20180810170644_acnw_v1_updates.js
./packages/database/support/db/migrations/20180812170644_acnw_v1_updates_2.js
./packages/database/support/db/migrations/20180812170645_acnw_v1_updates_3.js
./packages/database/support/db/migrations/20190127145944_omit_tables.js
./packages/database/support/db/migrations/20200420194600_drop_tables.js
./packages/database/support/db/migrations/20200420194700_auth_functions.js
./packages/database/support/db/migrations/20200502134700_table_policies.js
./packages/database/support/db/migrations/20200822141400_refactor_user.js
./packages/database/support/db/migrations/20200823141800_user_roles_trigger.js
./packages/database/support/db/migrations/20200905171700_delete_non_members.js
./packages/database/support/db/migrations/20200905181700_user_first_and_last.js
./packages/database/support/db/migrations/20200905210600_cleanup_names.js
./packages/database/support/db/migrations/20200907104816_add_member_slot_attending.js
./packages/database/support/db/migrations/20200920151419_alter_setting_values.js
./packages/database/support/db/migrations/20201008140140_add_create_slots_proc.js
./packages/database/support/db/migrations/20201014091111_add_game_full.js
./packages/database/support/db/migrations/20210720161400_add_profile.js
./packages/database/support/db/migrations/20210720203000_fix_policies.js
./packages/database/support/db/migrations/20210720203100_insert_profile.js
./packages/database/support/db/migrations/20210824195100_game_cascade.js
./packages/database/support/db/migrations/20220711085900_member_room_check.js
./packages/database/support/db/migrations/20221222111100_user_display_name.js
./packages/database/support/db/migrations/20230108202228_omit_tables.js
./packages/database/support/db/migrations/20230219115246_update_slot_choice_proc.js
./packages/database/support/db/migrations/20230416105227_migrate_settings.js
./packages/database/support/db/migrations/20230429125442_migrate_config_to_settings.js
./packages/database/support/db/migrations/20230507151306_add_stripe.js
./packages/database/support/db/migrations/20231224162506_rename_amount_owed.js
./packages/database/support/db/migrations/20240527142600_fix_balance_trigger.js
./packages/database/support/db/migrations/20241103180358_fix-assignment_pk.ts
./packages/database/support/db/migrations/20250503184443_migrate_decimals.ts
./packages/database/support/db/migrations/20250608204608_add_member_cost.ts
./packages/database/support/db/utils/policyUtils.js
./packages/database/support/knexfile.ts
./packages/database/tsconfig.json
./packages/elsint-config-custom/Readme.md
./packages/elsint-config-custom/index.cjs
./packages/elsint-config-custom/package.json
./packages/environment/.eslintcache
./packages/environment/package.json
./packages/environment/src/connectionStringUtils.test.ts
./packages/environment/src/connectionStringUtils.ts
./packages/environment/src/env.ts
./packages/environment/src/filePaths.d.ts
./packages/environment/src/filePaths.js
./packages/environment/src/index.ts
./packages/environment/src/processEnv.ts
./packages/environment/tsconfig.json
./packages/server/.eslintcache
./packages/server/.gitignore
./packages/server/package.json
./packages/server/prisma/schema.prisma
./packages/server/prisma/sql/createUser.sql
./packages/server/prisma/sql/getUserWithRoles.sql
./packages/server/src/api/appRouter.ts
./packages/server/src/api/context.ts
./packages/server/src/api/inRlsTransaction.ts
./packages/server/src/api/root.ts
./packages/server/src/api/routers/config.ts
./packages/server/src/api/routers/gameAssignments.ts
./packages/server/src/api/routers/gameChoices.ts
./packages/server/src/api/routers/gameRooms.ts
./packages/server/src/api/routers/games.ts
./packages/server/src/api/routers/hotelRoomDetails.ts
./packages/server/src/api/routers/hotelRooms.ts
./packages/server/src/api/routers/lookups.ts
./packages/server/src/api/routers/memberships.ts
./packages/server/src/api/routers/settings.ts
./packages/server/src/api/routers/slots.ts
./packages/server/src/api/routers/stripe.ts
./packages/server/src/api/routers/transaction.ts
./packages/server/src/api/routers/users.ts
./packages/server/src/api/ssr.ts
./packages/server/src/api/trpc.ts
./packages/server/src/auth/apiAuthUtils.ts
./packages/server/src/auth/authHandler.ts
./packages/server/src/auth/index.ts
./packages/server/src/db.ts
./packages/server/src/index.ts
./packages/server/src/utils/api.ts
./packages/server/src/utils/index.ts
./packages/server/src/utils/prisma-repl.ts
./packages/server/src/utils/query-client.ts
./packages/server/src/utils/trpc-transformer.ts
./packages/server/src/utils/trpc.ts.xx
./packages/server/tsconfig.json
./packages/tsconfig/Readme.md
./packages/tsconfig/package.json
./packages/tsconfig/tsconfig-base.json
./packages/tsconfig/tsconfig-nextjs.json
./packages/tsconfig/tsconfig-react-library.json
./packages/ui/.eslintcache
./packages/ui/Readme.md
./packages/ui/components/Card/Card.tsx
./packages/ui/components/Card/CardBody.tsx
./packages/ui/components/Card/CardFooter.tsx
./packages/ui/components/Card/CardHeader.tsx
./packages/ui/components/Card/index.tsx
./packages/ui/components/CardUtils.tsx
./packages/ui/components/CellFormatters.tsx
./packages/ui/components/Dialog/DialogClose.tsx
./packages/ui/components/Dialog/DialogTitle.tsx
./packages/ui/components/Dialog/index.tsx
./packages/ui/components/EditDialog.tsx
./packages/ui/components/ExpandingFab.tsx
./packages/ui/components/ExternalLink.tsx
./packages/ui/components/Form/Checkbox.tsx
./packages/ui/components/Form/CheckboxWithLabel.tsx
./packages/ui/components/Form/DatePicker.tsx
./packages/ui/components/Form/DatePickerField.tsx
./packages/ui/components/Form/RadioGroupFieldWithLabel.tsx
./packages/ui/components/Form/Select.tsx
./packages/ui/components/Form/SelectField.tsx
./packages/ui/components/Form/TextField.tsx
./packages/ui/components/Form/datePickerUtils.ts
./packages/ui/components/Form/index.tsx
./packages/ui/components/Grid/GridContainer.tsx
./packages/ui/components/Grid/GridItem.tsx
./packages/ui/components/Grid/index.tsx
./packages/ui/components/Loader.tsx
./packages/ui/components/MdxPage.tsx
./packages/ui/components/MdxWithExternalLinks.tsx
./packages/ui/components/Notifications.tsx
./packages/ui/components/Page.tsx
./packages/ui/components/Table/CellEditor.tsx
./packages/ui/components/Table/ColumnHidePage.tsx
./packages/ui/components/Table/FilterChipBar.tsx
./packages/ui/components/Table/FilterPage.tsx
./packages/ui/components/Table/ResizeHandle.tsx
./packages/ui/components/Table/Table.tsx
./packages/ui/components/Table/TableDebug.tsx
./packages/ui/components/Table/TablePagination.tsx
./packages/ui/components/Table/TableSearch.tsx
./packages/ui/components/Table/TableStyles.tsx
./packages/ui/components/Table/TableToolbar.tsx
./packages/ui/components/Table/TooltipCellRenderer.tsx
./packages/ui/components/Table/filters/fuzzyFilter.tsx
./packages/ui/components/Table/filters/index.tsx
./packages/ui/components/Table/filters/numericFilter.tsx
./packages/ui/components/Table/index.tsx
./packages/ui/components/Table/tableHookUtils.ts
./packages/ui/components/Table/useBlockLayout.ts
./packages/ui/components/Table/useFlexLayout.ts
./packages/ui/components/Table/useInitialTableState.tsx
./packages/ui/components/Table/useResizeColumns.ts
./packages/ui/components/Theme.tsx
./packages/ui/components/Typography/Danger.tsx
./packages/ui/components/Typography/Important.tsx
./packages/ui/components/Typography/Info.tsx
./packages/ui/components/Typography/Muted.tsx
./packages/ui/components/Typography/Primary.tsx
./packages/ui/components/Typography/Quote.tsx
./packages/ui/components/Typography/Small.tsx
./packages/ui/components/Typography/Success.tsx
./packages/ui/components/Typography/Warning.tsx
./packages/ui/components/Typography/index.tsx
./packages/ui/components/Typography/typographyStyle.tsx
./packages/ui/components/Wizard.tsx
./packages/ui/components/index.tsx
./packages/ui/index.tsx
./packages/ui/package.json
./packages/ui/react-app-env.d.ts
./packages/ui/tsconfig.json
./packages/ui/types/json2xls.d.ts
./packages/ui/types/material-ui.d.ts
./packages/ui/types/mdx.d.ts
./packages/ui/types/react-app-env.d.ts
./packages/ui/types/react-table-config.d.ts
./packages/ui/utils/Yup.ts
./packages/ui/utils/closeHandler.ts
./packages/ui/utils/createEmotionCache.ts
./packages/ui/utils/deepValue.ts
./packages/ui/utils/formatDebugValue.ts
./packages/ui/utils/getSafeFloat.ts
./packages/ui/utils/globals.ts
./packages/ui/utils/index.ts
./packages/ui/utils/makeStyles.ts
./packages/ui/utils/mergeGet.test.ts
./packages/ui/utils/mergeGet.ts
./packages/ui/utils/object.ts
./packages/ui/utils/pick.test.ts
./packages/ui/utils/pick.ts
./packages/ui/utils/range.ts
./packages/ui/utils/setUtils.ts
./packages/ui/utils/ts-utils.ts
./packages/ui/utils/useDebounce.tsx
./packages/ui/utils/useLocalStorage.tsx
./patches/ts-node@11.0.0-beta.1.patch
./pnpm-lock.yaml
./pnpm-workspace.yaml
./queries/Readme.md
./queries/game_choices.sql
./queries/junk.sql
./queries/list_functions.sql
./queries/list_gamechoices.sql
./queries/list_gamechoices_slotcount.sql
./queries/list_gms.sql
./scripts/backup.sh
./scripts/backup_private.sh
./scripts/getGitHash.sh
./scripts/noForbiddenCode.sh
./scripts/sleep.ts
./scripts/utils.sh
./tsconfig.json
./vercel.json
./vitest.config.ts
./vitest.setup.ts
